# JRE version: OpenJDK Runtime Environment (8.0_152-b01) (build 1.8.0_152-release-915-b01)
# Java VM: OpenJDK 64-Bit Server VM (25.152-b01 mixed mode windows-amd64 compressed oops)
Heap:
 PSYoungGen      total 329216K, used 127832K [0x00000000e0000000, 0x00000000f6800000, 0x0000000100000000)
  eden space 311808K, 35% used [0x00000000e0000000,0x00000000e6bda210,0x00000000f3080000)
  from space 17408K, 99% used [0x00000000f4a00000,0x00000000f5afc008,0x00000000f5b00000)
  to   space 26112K, 89% used [0x00000000f3080000,0x00000000f474d7e0,0x00000000f4a00000)
 ParOldGen       total 1048576K, used 32072K [0x00000000a0000000, 0x00000000e0000000, 0x00000000e0000000)
  object space 1048576K, 3% used [0x00000000a0000000,0x00000000a1f52248,0x00000000e0000000)
 Metaspace       used 56740K, capacity 59088K, committed 59136K, reserved 1099776K
  class space    used 7626K, capacity 8179K, committed 8192K, reserved 1048576K
GC Heap History (10 events):
Event: 28.609 GC heap after
Heap after GC invocations=6 (full 1):
 PSYoungGen      total 93696K, used 3552K [0x00000000e0000000, 0x00000000ec280000, 0x0000000100000000)
  eden space 90112K, 0% used [0x00000000e0000000,0x00000000e0000000,0x00000000e5800000)
  from space 3584K, 99% used [0x00000000e5800000,0x00000000e5b78010,0x00000000e5b80000)
  to   space 13312K, 0% used [0x00000000eb580000,0x00000000eb580000,0x00000000ec280000)
 ParOldGen       total 40960K, used 16198K [0x00000000a0000000, 0x00000000a2800000, 0x00000000e0000000)
  object space 40960K, 39% used [0x00000000a0000000,0x00000000a0fd1af0,0x00000000a2800000)
 Metaspace       used 28162K, capacity 28722K, committed 28928K, reserved 1075200K
  class space    used 3853K, capacity 4065K, committed 4096K, reserved 1048576K
}
Event: 56.310 GC heap before
{Heap before GC invocations=7 (full 1):
 PSYoungGen      total 93696K, used 88023K [0x00000000e0000000, 0x00000000ec280000, 0x0000000100000000)
  eden space 90112K, 93% used [0x00000000e0000000,0x00000000e527dee8,0x00000000e5800000)
  from space 3584K, 99% used [0x00000000e5800000,0x00000000e5b78010,0x00000000e5b80000)
  to   space 13312K, 0% used [0x00000000eb580000,0x00000000eb580000,0x00000000ec280000)
 ParOldGen       total 40960K, used 16198K [0x00000000a0000000, 0x00000000a2800000, 0x00000000e0000000)
  object space 40960K, 39% used [0x00000000a0000000,0x00000000a0fd1af0,0x00000000a2800000)
 Metaspace       used 34712K, capacity 35438K, committed 35496K, reserved 1079296K
  class space    used 4615K, capacity 4861K, committed 4864K, reserved 1048576K
Event: 56.363 GC heap after
Heap after GC invocations=7 (full 1):
 PSYoungGen      total 183808K, used 10367K [0x00000000e0000000, 0x00000000ec280000, 0x0000000100000000)
  eden space 170496K, 0% used [0x00000000e0000000,0x00000000e0000000,0x00000000ea680000)
  from space 13312K, 77% used [0x00000000eb580000,0x00000000ebf9fc80,0x00000000ec280000)
  to   space 14336K, 0% used [0x00000000ea680000,0x00000000ea680000,0x00000000eb480000)
 ParOldGen       total 40960K, used 16206K [0x00000000a0000000, 0x00000000a2800000, 0x00000000e0000000)
  object space 40960K, 39% used [0x00000000a0000000,0x00000000a0fd3af0,0x00000000a2800000)
 Metaspace       used 34712K, capacity 35438K, committed 35496K, reserved 1079296K
  class space    used 4615K, capacity 4861K, committed 4864K, reserved 1048576K
}
Event: 56.363 GC heap before
{Heap before GC invocations=8 (full 2):
 PSYoungGen      total 183808K, used 10367K [0x00000000e0000000, 0x00000000ec280000, 0x0000000100000000)
  eden space 170496K, 0% used [0x00000000e0000000,0x00000000e0000000,0x00000000ea680000)
  from space 13312K, 77% used [0x00000000eb580000,0x00000000ebf9fc80,0x00000000ec280000)
  to   space 14336K, 0% used [0x00000000ea680000,0x00000000ea680000,0x00000000eb480000)
 ParOldGen       total 40960K, used 16206K [0x00000000a0000000, 0x00000000a2800000, 0x00000000e0000000)
  object space 40960K, 39% used [0x00000000a0000000,0x00000000a0fd3af0,0x00000000a2800000)
 Metaspace       used 34712K, capacity 35438K, committed 35496K, reserved 1079296K
  class space    used 4615K, capacity 4861K, committed 4864K, reserved 1048576K
Event: 56.601 GC heap after
Heap after GC invocations=8 (full 2):
 PSYoungGen      total 183808K, used 0K [0x00000000e0000000, 0x00000000ec280000, 0x0000000100000000)
  eden space 170496K, 0% used [0x00000000e0000000,0x00000000e0000000,0x00000000ea680000)
  from space 13312K, 0% used [0x00000000eb580000,0x00000000eb580000,0x00000000ec280000)
  to   space 14336K, 0% used [0x00000000ea680000,0x00000000ea680000,0x00000000eb480000)
 ParOldGen       total 53248K, used 17769K [0x00000000a0000000, 0x00000000a3400000, 0x00000000e0000000)
  object space 53248K, 33% used [0x00000000a0000000,0x00000000a115a548,0x00000000a3400000)
 Metaspace       used 34712K, capacity 35438K, committed 35496K, reserved 1079296K
  class space    used 4615K, capacity 4861K, committed 4864K, reserved 1048576K
}
Event: 64.896 GC heap before
{Heap before GC invocations=9 (full 2):
 PSYoungGen      total 183808K, used 170496K [0x00000000e0000000, 0x00000000ec280000, 0x0000000100000000)
  eden space 170496K, 100% used [0x00000000e0000000,0x00000000ea680000,0x00000000ea680000)
  from space 13312K, 0% used [0x00000000eb580000,0x00000000eb580000,0x00000000ec280000)
  to   space 14336K, 0% used [0x00000000ea680000,0x00000000ea680000,0x00000000eb480000)
 ParOldGen       total 53248K, used 17769K [0x00000000a0000000, 0x00000000a3400000, 0x00000000e0000000)
  object space 53248K, 33% used [0x00000000a0000000,0x00000000a115a548,0x00000000a3400000)
 Metaspace       used 46043K, capacity 47264K, committed 47488K, reserved 1089536K
  class space    used 6144K, capacity 6497K, committed 6528K, reserved 1048576K
Event: 65.083 GC heap after
Heap after GC invocations=9 (full 2):
 PSYoungGen      total 184832K, used 14320K [0x00000000e0000000, 0x00000000f5b00000, 0x0000000100000000)
  eden space 170496K, 0% used [0x00000000e0000000,0x00000000e0000000,0x00000000ea680000)
  from space 14336K, 99% used [0x00000000ea680000,0x00000000eb47c2e0,0x00000000eb480000)
  to   space 17408K, 0% used [0x00000000f4a00000,0x00000000f4a00000,0x00000000f5b00000)
 ParOldGen       total 53248K, used 19367K [0x00000000a0000000, 0x00000000a3400000, 0x00000000e0000000)
  object space 53248K, 36% used [0x00000000a0000000,0x00000000a12e9c88,0x00000000a3400000)
 Metaspace       used 46043K, capacity 47264K, committed 47488K, reserved 1089536K
  class space    used 6144K, capacity 6497K, committed 6528K, reserved 1048576K
}
Event: 72.103 GC heap before
{Heap before GC invocations=10 (full 2):
 PSYoungGen      total 184832K, used 184816K [0x00000000e0000000, 0x00000000f5b00000, 0x0000000100000000)
  eden space 170496K, 100% used [0x00000000e0000000,0x00000000ea680000,0x00000000ea680000)
  from space 14336K, 99% used [0x00000000ea680000,0x00000000eb47c2e0,0x00000000eb480000)
  to   space 17408K, 0% used [0x00000000f4a00000,0x00000000f4a00000,0x00000000f5b00000)
 ParOldGen       total 53248K, used 19367K [0x00000000a0000000, 0x00000000a3400000, 0x00000000e0000000)
  object space 53248K, 36% used [0x00000000a0000000,0x00000000a12e9c88,0x00000000a3400000)
 Metaspace       used 51397K, capacity 53252K, committed 53376K, reserved 1095680K
  class space    used 7031K, capacity 7470K, committed 7552K, reserved 1048576K
Event: 72.189 GC heap after
Heap after GC invocations=10 (full 2):
 PSYoungGen      total 329216K, used 17392K [0x00000000e0000000, 0x00000000f6800000, 0x0000000100000000)
  eden space 311808K, 0% used [0x00000000e0000000,0x00000000e0000000,0x00000000f3080000)
  from space 17408K, 99% used [0x00000000f4a00000,0x00000000f5afc008,0x00000000f5b00000)
  to   space 26112K, 0% used [0x00000000f3080000,0x00000000f3080000,0x00000000f4a00000)
 ParOldGen       total 53248K, used 32064K [0x00000000a0000000, 0x00000000a3400000, 0x00000000e0000000)
  object space 53248K, 60% used [0x00000000a0000000,0x00000000a1f50248,0x00000000a3400000)
 Metaspace       used 51397K, capacity 53252K, committed 53376K, reserved 1095680K
  class space    used 7031K, capacity 7470K, committed 7552K, reserved 1048576K
}
Event: 100.976 GC heap before
{Heap before GC invocations=11 (full 2):
 PSYoungGen      total 329216K, used 127832K [0x00000000e0000000, 0x00000000f6800000, 0x0000000100000000)
  eden space 311808K, 35% used [0x00000000e0000000,0x00000000e6bda210,0x00000000f3080000)
  from space 17408K, 99% used [0x00000000f4a00000,0x00000000f5afc008,0x00000000f5b00000)
  to   space 26112K, 0% used [0x00000000f3080000,0x00000000f3080000,0x00000000f4a00000)
 ParOldGen       total 53248K, used 32064K [0x00000000a0000000, 0x00000000a3400000, 0x00000000e0000000)
  object space 53248K, 60% used [0x00000000a0000000,0x00000000a1f50248,0x00000000a3400000)
 Metaspace       used 56740K, capacity 59088K, committed 59136K, reserved 1099776K
  class space    used 7626K, capacity 8179K, committed 8192K, reserved 1048576K

